  imgui.cpp
  imgui_demo.cpp
  imgui_draw.cpp
  imgui_tables.cpp
  imgui_widgets.cpp
  ImageProcessing.cpp
A:\Projekte\Github\PixLabelCV\sources\load_image.h(36,28): warning C4996: 'std::codecvt_utf8_utf16<wchar_t,1114111,(std::codecvt_mode)0>': warning STL4017: std::wbuffer_convert, std::wstring_convert, and the <codecvt> header (containing std::codecvt_mode, std::codecvt_utf8, std::codecvt_utf16, and std::codecvt_utf8_utf16) are deprecated in C++17. (The std::codecvt class template is NOT deprecated.) The C++ Standard doesn't provide equivalent non-deprecated functionality; consider using MultiByteToWideChar() and WideCharToMultiByte() from <Windows.h> instead. You can define _SILENCE_CXX17_CODECVT_HEADER_DEPRECATION_WARNING or _SILENCE_ALL_CXX17_DEPRECATION_WARNINGS to suppress this warning.
A:\Projekte\Github\PixLabelCV\sources\load_image.h(36,7): warning C4996: 'std::wstring_convert<std::codecvt_utf8_utf16<wchar_t,1114111,(std::codecvt_mode)0>,wchar_t,std::allocator<wchar_t>,std::allocator<char>>': warning STL4017: std::wbuffer_convert, std::wstring_convert, and the <codecvt> header (containing std::codecvt_mode, std::codecvt_utf8, std::codecvt_utf16, and std::codecvt_utf8_utf16) are deprecated in C++17. (The std::codecvt class template is NOT deprecated.) The C++ Standard doesn't provide equivalent non-deprecated functionality; consider using MultiByteToWideChar() and WideCharToMultiByte() from <Windows.h> instead. You can define _SILENCE_CXX17_CODECVT_HEADER_DEPRECATION_WARNING or _SILENCE_ALL_CXX17_DEPRECATION_WARNINGS to suppress this warning.
A:\Projekte\Github\PixLabelCV\sources\load_image.h(36,57): warning C4996: 'std::wstring_convert<std::codecvt_utf8_utf16<wchar_t,1114111,(std::codecvt_mode)0>,wchar_t,std::allocator<wchar_t>,std::allocator<char>>::wstring_convert': warning STL4017: std::wbuffer_convert, std::wstring_convert, and the <codecvt> header (containing std::codecvt_mode, std::codecvt_utf8, std::codecvt_utf16, and std::codecvt_utf8_utf16) are deprecated in C++17. (The std::codecvt class template is NOT deprecated.) The C++ Standard doesn't provide equivalent non-deprecated functionality; consider using MultiByteToWideChar() and WideCharToMultiByte() from <Windows.h> instead. You can define _SILENCE_CXX17_CODECVT_HEADER_DEPRECATION_WARNING or _SILENCE_ALL_CXX17_DEPRECATION_WARNINGS to suppress this warning.
A:\Projekte\Github\PixLabelCV\sources\load_image.h(37,14): warning C4996: 'std::wstring_convert<std::codecvt_utf8_utf16<wchar_t,1114111,(std::codecvt_mode)0>,wchar_t,std::allocator<wchar_t>,std::allocator<char>>::to_bytes': warning STL4017: std::wbuffer_convert, std::wstring_convert, and the <codecvt> header (containing std::codecvt_mode, std::codecvt_utf8, std::codecvt_utf16, and std::codecvt_utf8_utf16) are deprecated in C++17. (The std::codecvt class template is NOT deprecated.) The C++ Standard doesn't provide equivalent non-deprecated functionality; consider using MultiByteToWideChar() and WideCharToMultiByte() from <Windows.h> instead. You can define _SILENCE_CXX17_CODECVT_HEADER_DEPRECATION_WARNING or _SILENCE_ALL_CXX17_DEPRECATION_WARNINGS to suppress this warning.
A:\Projekte\Github\PixLabelCV\sources\load_image.h(39,46): warning C4100: "createRecursive": Unreferenzierter formaler Parameter
A:\Projekte\Github\PixLabelCV\sources\helper.h(41,8): warning C4267: "Initialisierung": Konvertierung von "size_t" nach "int", Datenverlust möglich
A:\Projekte\Github\PixLabelCV\sources\ImageProcessing.h(194,10): warning C4244: "Initialisierung": Konvertierung von "float" in "int", möglicher Datenverlust
A:\Projekte\Github\PixLabelCV\sources\ImageProcessing.h(195,12): warning C4244: "Initialisierung": Konvertierung von "double" in "int", möglicher Datenverlust
A:\Projekte\Github\PixLabelCV\sources\ImageProcessing.h(206,12): warning C4244: "Initialisierung": Konvertierung von "double" in "int", möglicher Datenverlust
A:\Projekte\Github\PixLabelCV\sources\ImageProcessing.h(214,12): warning C4244: "Initialisierung": Konvertierung von "double" in "int", möglicher Datenverlust
A:\Projekte\Github\PixLabelCV\sources\ImageProcessing.h(194,6): warning C4189: "low": Lokale Variable ist initialisiert aber nicht referenziert
A:\Projekte\Github\PixLabelCV\sources\ImageProcessing.h(358,27): warning C4244: "=": Konvertierung von "float" in "int", möglicher Datenverlust
A:\Projekte\Github\PixLabelCV\sources\ImageProcessing.h(368,44): warning C4244: "Argument": Konvertierung von "float" in "_Tp", möglicher Datenverlust
A:\Projekte\Github\PixLabelCV\sources\ImageProcessing.h(368,44): warning C4244:         with
A:\Projekte\Github\PixLabelCV\sources\ImageProcessing.h(368,44): warning C4244:         [
A:\Projekte\Github\PixLabelCV\sources\ImageProcessing.h(368,44): warning C4244:             _Tp=int
A:\Projekte\Github\PixLabelCV\sources\ImageProcessing.h(368,44): warning C4244:         ]
A:\Projekte\Github\PixLabelCV\sources\ImageProcessing.h(368,33): warning C4244: "Argument": Konvertierung von "float" in "_Tp", möglicher Datenverlust
A:\Projekte\Github\PixLabelCV\sources\ImageProcessing.h(368,33): warning C4244:         with
A:\Projekte\Github\PixLabelCV\sources\ImageProcessing.h(368,33): warning C4244:         [
A:\Projekte\Github\PixLabelCV\sources\ImageProcessing.h(368,33): warning C4244:             _Tp=int
A:\Projekte\Github\PixLabelCV\sources\ImageProcessing.h(368,33): warning C4244:         ]
A:\Projekte\Github\PixLabelCV\sources\ImageProcessing.h(375,53): warning C4244: "Argument": Konvertierung von "float" in "_Tp", möglicher Datenverlust
A:\Projekte\Github\PixLabelCV\sources\ImageProcessing.h(375,53): warning C4244:         with
A:\Projekte\Github\PixLabelCV\sources\ImageProcessing.h(375,53): warning C4244:         [
A:\Projekte\Github\PixLabelCV\sources\ImageProcessing.h(375,53): warning C4244:             _Tp=int
A:\Projekte\Github\PixLabelCV\sources\ImageProcessing.h(375,53): warning C4244:         ]
A:\Projekte\Github\PixLabelCV\sources\ImageProcessing.h(375,36): warning C4244: "Argument": Konvertierung von "float" in "_Tp", möglicher Datenverlust
A:\Projekte\Github\PixLabelCV\sources\ImageProcessing.h(375,36): warning C4244:         with
A:\Projekte\Github\PixLabelCV\sources\ImageProcessing.h(375,36): warning C4244:         [
A:\Projekte\Github\PixLabelCV\sources\ImageProcessing.h(375,36): warning C4244:             _Tp=int
A:\Projekte\Github\PixLabelCV\sources\ImageProcessing.h(375,36): warning C4244:         ]
A:\Projekte\Github\PixLabelCV\sources\LabelState.h(56,14): warning C4267: "Initialisierung": Konvertierung von "size_t" nach "int", Datenverlust möglich
A:\Projekte\Github\PixLabelCV\sources\LabelState.h(67,46): warning C4267: "return": Konvertierung von "size_t" nach "int", Datenverlust möglich
A:\Projekte\Github\PixLabelCV\sources\Timer.h(59,13): warning C4996: 'localtime': This function or variable may be unsafe. Consider using localtime_s instead. To disable deprecation, use _CRT_SECURE_NO_WARNINGS. See online help for details.
A:\Projekte\Github\PixLabelCV\sources\shapes.h(100,11): warning C4244: "*=": Konvertierung von "double" in "float", möglicher Datenverlust
A:\Projekte\Github\PixLabelCV\sources\shapes.h(101,11): warning C4244: "*=": Konvertierung von "double" in "float", möglicher Datenverlust
A:\Projekte\Github\PixLabelCV\sources\ImageProcessing.cpp(62,13): warning C4244: "=": Konvertierung von "double" in "float", möglicher Datenverlust
A:\Projekte\Github\PixLabelCV\sources\ImageProcessing.cpp(63,16): warning C4706: Zuweisung als Bedingung verwendet
A:\Projekte\Github\PixLabelCV\sources\ImageProcessing.cpp(64,13): warning C4244: "=": Konvertierung von "double" in "float", möglicher Datenverlust
A:\Projekte\Github\PixLabelCV\sources\ImageProcessing.cpp(65,15): warning C4706: Zuweisung als Bedingung verwendet
A:\Projekte\Github\PixLabelCV\sources\ImageProcessing.cpp(66,13): warning C4244: "=": Konvertierung von "double" in "float", möglicher Datenverlust
A:\Projekte\Github\PixLabelCV\sources\ImageProcessing.cpp(166,16): warning C4244: "Initialisierung": Konvertierung von "double" in "int", möglicher Datenverlust
A:\Projekte\Github\PixLabelCV\sources\ImageProcessing.cpp(167,16): warning C4244: "Initialisierung": Konvertierung von "double" in "int", möglicher Datenverlust
A:\Projekte\Github\PixLabelCV\sources\ImageProcessing.cpp(168,16): warning C4244: "Initialisierung": Konvertierung von "double" in "int", möglicher Datenverlust
A:\Projekte\Github\PixLabelCV\sources\ImageProcessing.cpp(181,15): warning C4244: "Initialisierung": Konvertierung von "double" in "int", möglicher Datenverlust
A:\Projekte\Github\PixLabelCV\sources\ImageProcessing.cpp(182,15): warning C4244: "Initialisierung": Konvertierung von "double" in "int", möglicher Datenverlust
A:\Projekte\Github\PixLabelCV\sources\ImageProcessing.cpp(183,15): warning C4244: "Initialisierung": Konvertierung von "double" in "int", möglicher Datenverlust
A:\Projekte\Github\PixLabelCV\sources\ImageProcessing.cpp(255,46): warning C4244: "Argument": Konvertierung von "float" in "_Tp", möglicher Datenverlust
A:\Projekte\Github\PixLabelCV\sources\ImageProcessing.cpp(255,46): warning C4244:         with
A:\Projekte\Github\PixLabelCV\sources\ImageProcessing.cpp(255,46): warning C4244:         [
A:\Projekte\Github\PixLabelCV\sources\ImageProcessing.cpp(255,46): warning C4244:             _Tp=int
A:\Projekte\Github\PixLabelCV\sources\ImageProcessing.cpp(255,46): warning C4244:         ]
A:\Projekte\Github\PixLabelCV\sources\ImageProcessing.cpp(255,38): warning C4244: "Argument": Konvertierung von "float" in "_Tp", möglicher Datenverlust
A:\Projekte\Github\PixLabelCV\sources\ImageProcessing.cpp(255,38): warning C4244:         with
A:\Projekte\Github\PixLabelCV\sources\ImageProcessing.cpp(255,38): warning C4244:         [
A:\Projekte\Github\PixLabelCV\sources\ImageProcessing.cpp(255,38): warning C4244:             _Tp=int
A:\Projekte\Github\PixLabelCV\sources\ImageProcessing.cpp(255,38): warning C4244:         ]
A:\Projekte\Github\PixLabelCV\sources\ImageProcessing.cpp(280,16): warning C4244: "Initialisierung": Konvertierung von "double" in "int", möglicher Datenverlust
A:\Projekte\Github\PixLabelCV\sources\ImageProcessing.cpp(303,10): warning C4456: Deklaration von "circleMask" blendet vorherige lokale Deklaration aus
A:\Projekte\Github\PixLabelCV\sources\ImageProcessing.cpp(584,37): warning C4244: "Argument": Konvertierung von "const float" in "_Tp", möglicher Datenverlust
A:\Projekte\Github\PixLabelCV\sources\ImageProcessing.cpp(584,37): warning C4244:         with
A:\Projekte\Github\PixLabelCV\sources\ImageProcessing.cpp(584,37): warning C4244:         [
A:\Projekte\Github\PixLabelCV\sources\ImageProcessing.cpp(584,37): warning C4244:             _Tp=int
A:\Projekte\Github\PixLabelCV\sources\ImageProcessing.cpp(584,37): warning C4244:         ]
A:\Projekte\Github\PixLabelCV\sources\ImageProcessing.cpp(584,28): warning C4244: "Argument": Konvertierung von "const float" in "_Tp", möglicher Datenverlust
A:\Projekte\Github\PixLabelCV\sources\ImageProcessing.cpp(584,28): warning C4244:         with
A:\Projekte\Github\PixLabelCV\sources\ImageProcessing.cpp(584,28): warning C4244:         [
A:\Projekte\Github\PixLabelCV\sources\ImageProcessing.cpp(584,28): warning C4244:             _Tp=int
A:\Projekte\Github\PixLabelCV\sources\ImageProcessing.cpp(584,28): warning C4244:         ]
A:\Projekte\Github\PixLabelCV\sources\ImageProcessing.cpp(609,37): warning C4244: "Argument": Konvertierung von "const float" in "_Tp", möglicher Datenverlust
A:\Projekte\Github\PixLabelCV\sources\ImageProcessing.cpp(609,37): warning C4244:         with
A:\Projekte\Github\PixLabelCV\sources\ImageProcessing.cpp(609,37): warning C4244:         [
A:\Projekte\Github\PixLabelCV\sources\ImageProcessing.cpp(609,37): warning C4244:             _Tp=int
A:\Projekte\Github\PixLabelCV\sources\ImageProcessing.cpp(609,37): warning C4244:         ]
A:\Projekte\Github\PixLabelCV\sources\ImageProcessing.cpp(609,28): warning C4244: "Argument": Konvertierung von "const float" in "_Tp", möglicher Datenverlust
A:\Projekte\Github\PixLabelCV\sources\ImageProcessing.cpp(609,28): warning C4244:         with
A:\Projekte\Github\PixLabelCV\sources\ImageProcessing.cpp(609,28): warning C4244:         [
A:\Projekte\Github\PixLabelCV\sources\ImageProcessing.cpp(609,28): warning C4244:             _Tp=int
A:\Projekte\Github\PixLabelCV\sources\ImageProcessing.cpp(609,28): warning C4244:         ]
A:\Projekte\Github\PixLabelCV\sources\ImageProcessing.cpp(671,11): warning C4457: Deklaration von "color" blendet Funktionsparameter aus
A:\Projekte\Github\PixLabelCV\sources\ImageProcessing.cpp(672,9): warning C4456: Deklaration von "classPixelMask" blendet vorherige lokale Deklaration aus
A:\Projekte\Github\PixLabelCV\sources\ImageProcessing.cpp(690,9): warning C4456: Deklaration von "classPixelMask" blendet vorherige lokale Deklaration aus
A:\Projekte\Github\PixLabelCV\sources\ImageProcessing.cpp(741,9): warning C4456: Deklaration von "minRect" blendet vorherige lokale Deklaration aus
A:\Projekte\Github\PixLabelCV\sources\ImageProcessing.cpp(148,49): warning C4100: "color": Unreferenzierter formaler Parameter
A:\Projekte\Github\PixLabelCV\sources\ImageProcessing.cpp(505,7): warning C4189: "a": Lokale Variable ist initialisiert aber nicht referenziert
A:\Projekte\Github\PixLabelCV\sources\ImageProcessing.cpp(497,8): warning C4189: "useMask": Lokale Variable ist initialisiert aber nicht referenziert
A:\Projekte\Github\PixLabelCV\sources\ImageProcessing.cpp(506,7): warning C4189: "asdf": Lokale Variable ist initialisiert aber nicht referenziert
A:\Projekte\Github\PixLabelCV\sources\ImageProcessing.cpp(570,7): warning C4189: "distance_from_border": Lokale Variable ist initialisiert aber nicht referenziert
A:\Projekte\Github\PixLabelCV\sources\ImageProcessing.cpp(798,57): warning C4244: "Argument": Konvertierung von "float" in "_Tp", möglicher Datenverlust
A:\Projekte\Github\PixLabelCV\sources\ImageProcessing.cpp(798,57): warning C4244:         with
A:\Projekte\Github\PixLabelCV\sources\ImageProcessing.cpp(798,57): warning C4244:         [
A:\Projekte\Github\PixLabelCV\sources\ImageProcessing.cpp(798,57): warning C4244:             _Tp=int
A:\Projekte\Github\PixLabelCV\sources\ImageProcessing.cpp(798,57): warning C4244:         ]
A:\Projekte\Github\PixLabelCV\sources\ImageProcessing.cpp(798,48): warning C4244: "Argument": Konvertierung von "float" in "_Tp", möglicher Datenverlust
A:\Projekte\Github\PixLabelCV\sources\ImageProcessing.cpp(798,48): warning C4244:         with
A:\Projekte\Github\PixLabelCV\sources\ImageProcessing.cpp(798,48): warning C4244:         [
A:\Projekte\Github\PixLabelCV\sources\ImageProcessing.cpp(798,48): warning C4244:             _Tp=int
A:\Projekte\Github\PixLabelCV\sources\ImageProcessing.cpp(798,48): warning C4244:         ]
C:\Program Files\Microsoft Visual Studio\2022\Community\VC\Tools\MSVC\14.40.33807\include\algorithm(3553,24): warning C4244: "=": Konvertierung von "int" in "char", möglicher Datenverlust
A:\Projekte\Github\PixLabelCV\sources\helper.h(124,13): warning C4505: "HelpMarker": Eine nicht referenzierte Funktion mit interner Verknüpfung wurde entfernt.
A:\Projekte\Github\PixLabelCV\sources\ImageProcessing.h(98,25): warning C4505: "getColor": Eine nicht referenzierte Funktion mit interner Verknüpfung wurde entfernt.
A:\Projekte\Github\PixLabelCV\sources\ImageProcessing.h(190,17): warning C4505: "ConvertHSVnormToRGBrange": Eine nicht referenzierte Funktion mit interner Verknüpfung wurde entfernt.
A:\Projekte\Github\PixLabelCV\sources\Timer.h(54,26): warning C4505: "current_time_and_date": Eine nicht referenzierte Funktion mit interner Verknüpfung wurde entfernt.
  imgui_impl_dx11.cpp
  imgui_impl_win32.cpp
  LabelState.cpp
A:\Projekte\Github\PixLabelCV\sources\LabelState.h(56,14): warning C4267: "Initialisierung": Konvertierung von "size_t" nach "int", Datenverlust möglich
A:\Projekte\Github\PixLabelCV\sources\LabelState.h(67,46): warning C4267: "return": Konvertierung von "size_t" nach "int", Datenverlust möglich
A:\Projekte\Github\PixLabelCV\sources\Timer.h(59,13): warning C4996: 'localtime': This function or variable may be unsafe. Consider using localtime_s instead. To disable deprecation, use _CRT_SECURE_NO_WARNINGS. See online help for details.
A:\Projekte\Github\PixLabelCV\sources\LabelState.cpp(227,9): warning C4189: "a": Lokale Variable ist initialisiert aber nicht referenziert
A:\Projekte\Github\PixLabelCV\sources\LabelState.cpp(230,26): warning C4101: "e": Unreferenzierte lokale Variable
A:\Projekte\Github\PixLabelCV\sources\LabelState.cpp(333,64): warning C4100: "overwrite_existing": Unreferenzierter formaler Parameter
A:\Projekte\Github\PixLabelCV\sources\Timer.h(54,26): warning C4505: "current_time_and_date": Eine nicht referenzierte Funktion mit interner Verknüpfung wurde entfernt.
  load_image.cpp
A:\Projekte\Github\PixLabelCV\sources\load_image.h(36,28): warning C4996: 'std::codecvt_utf8_utf16<wchar_t,1114111,(std::codecvt_mode)0>': warning STL4017: std::wbuffer_convert, std::wstring_convert, and the <codecvt> header (containing std::codecvt_mode, std::codecvt_utf8, std::codecvt_utf16, and std::codecvt_utf8_utf16) are deprecated in C++17. (The std::codecvt class template is NOT deprecated.) The C++ Standard doesn't provide equivalent non-deprecated functionality; consider using MultiByteToWideChar() and WideCharToMultiByte() from <Windows.h> instead. You can define _SILENCE_CXX17_CODECVT_HEADER_DEPRECATION_WARNING or _SILENCE_ALL_CXX17_DEPRECATION_WARNINGS to suppress this warning.
A:\Projekte\Github\PixLabelCV\sources\load_image.h(36,7): warning C4996: 'std::wstring_convert<std::codecvt_utf8_utf16<wchar_t,1114111,(std::codecvt_mode)0>,wchar_t,std::allocator<wchar_t>,std::allocator<char>>': warning STL4017: std::wbuffer_convert, std::wstring_convert, and the <codecvt> header (containing std::codecvt_mode, std::codecvt_utf8, std::codecvt_utf16, and std::codecvt_utf8_utf16) are deprecated in C++17. (The std::codecvt class template is NOT deprecated.) The C++ Standard doesn't provide equivalent non-deprecated functionality; consider using MultiByteToWideChar() and WideCharToMultiByte() from <Windows.h> instead. You can define _SILENCE_CXX17_CODECVT_HEADER_DEPRECATION_WARNING or _SILENCE_ALL_CXX17_DEPRECATION_WARNINGS to suppress this warning.
A:\Projekte\Github\PixLabelCV\sources\load_image.h(36,57): warning C4996: 'std::wstring_convert<std::codecvt_utf8_utf16<wchar_t,1114111,(std::codecvt_mode)0>,wchar_t,std::allocator<wchar_t>,std::allocator<char>>::wstring_convert': warning STL4017: std::wbuffer_convert, std::wstring_convert, and the <codecvt> header (containing std::codecvt_mode, std::codecvt_utf8, std::codecvt_utf16, and std::codecvt_utf8_utf16) are deprecated in C++17. (The std::codecvt class template is NOT deprecated.) The C++ Standard doesn't provide equivalent non-deprecated functionality; consider using MultiByteToWideChar() and WideCharToMultiByte() from <Windows.h> instead. You can define _SILENCE_CXX17_CODECVT_HEADER_DEPRECATION_WARNING or _SILENCE_ALL_CXX17_DEPRECATION_WARNINGS to suppress this warning.
A:\Projekte\Github\PixLabelCV\sources\load_image.h(37,14): warning C4996: 'std::wstring_convert<std::codecvt_utf8_utf16<wchar_t,1114111,(std::codecvt_mode)0>,wchar_t,std::allocator<wchar_t>,std::allocator<char>>::to_bytes': warning STL4017: std::wbuffer_convert, std::wstring_convert, and the <codecvt> header (containing std::codecvt_mode, std::codecvt_utf8, std::codecvt_utf16, and std::codecvt_utf8_utf16) are deprecated in C++17. (The std::codecvt class template is NOT deprecated.) The C++ Standard doesn't provide equivalent non-deprecated functionality; consider using MultiByteToWideChar() and WideCharToMultiByte() from <Windows.h> instead. You can define _SILENCE_CXX17_CODECVT_HEADER_DEPRECATION_WARNING or _SILENCE_ALL_CXX17_DEPRECATION_WARNINGS to suppress this warning.
A:\Projekte\Github\PixLabelCV\sources\load_image.h(39,46): warning C4100: "createRecursive": Unreferenzierter formaler Parameter
A:\Projekte\Github\PixLabelCV\sources\LabelState.h(56,14): warning C4267: "Initialisierung": Konvertierung von "size_t" nach "int", Datenverlust möglich
A:\Projekte\Github\PixLabelCV\sources\LabelState.h(67,46): warning C4267: "return": Konvertierung von "size_t" nach "int", Datenverlust möglich
A:\Projekte\Github\PixLabelCV\sources\load_image.cpp(103,8): warning C4189: "DBG_seppl": Lokale Variable ist initialisiert aber nicht referenziert
A:\Projekte\Github\PixLabelCV\sources\load_image.cpp(197,7): warning C4189: "ret": Lokale Variable ist initialisiert aber nicht referenziert
A:\Projekte\Github\PixLabelCV\sources\load_image.cpp(217,76): warning C4100: "image_height": Unreferenzierter formaler Parameter
A:\Projekte\Github\PixLabelCV\sources\load_image.cpp(217,59): warning C4100: "image_width": Unreferenzierter formaler Parameter
A:\Projekte\Github\PixLabelCV\sources\load_image.cpp(217,34): warning C4100: "tex_shader_res_view": Unreferenzierter formaler Parameter
A:\Projekte\Github\PixLabelCV\sources\load_image.cpp(250,69): warning C4100: "lParam": Unreferenzierter formaler Parameter
C:\Program Files\Microsoft Visual Studio\2022\Community\VC\Tools\MSVC\14.40.33807\include\algorithm(3553,24): warning C4244: "=": Konvertierung von "int" in "char", möglicher Datenverlust
C:\Program Files\Microsoft Visual Studio\2022\Community\VC\Tools\MSVC\14.40.33807\include\xutility(4672,18): warning C4244: "=": Konvertierung von "wchar_t" in "char", möglicher Datenverlust
  main.cpp
A:\Projekte\Github\PixLabelCV\sources\load_image.h(36,28): warning C4996: 'std::codecvt_utf8_utf16<wchar_t,1114111,(std::codecvt_mode)0>': warning STL4017: std::wbuffer_convert, std::wstring_convert, and the <codecvt> header (containing std::codecvt_mode, std::codecvt_utf8, std::codecvt_utf16, and std::codecvt_utf8_utf16) are deprecated in C++17. (The std::codecvt class template is NOT deprecated.) The C++ Standard doesn't provide equivalent non-deprecated functionality; consider using MultiByteToWideChar() and WideCharToMultiByte() from <Windows.h> instead. You can define _SILENCE_CXX17_CODECVT_HEADER_DEPRECATION_WARNING or _SILENCE_ALL_CXX17_DEPRECATION_WARNINGS to suppress this warning.
A:\Projekte\Github\PixLabelCV\sources\load_image.h(36,7): warning C4996: 'std::wstring_convert<std::codecvt_utf8_utf16<wchar_t,1114111,(std::codecvt_mode)0>,wchar_t,std::allocator<wchar_t>,std::allocator<char>>': warning STL4017: std::wbuffer_convert, std::wstring_convert, and the <codecvt> header (containing std::codecvt_mode, std::codecvt_utf8, std::codecvt_utf16, and std::codecvt_utf8_utf16) are deprecated in C++17. (The std::codecvt class template is NOT deprecated.) The C++ Standard doesn't provide equivalent non-deprecated functionality; consider using MultiByteToWideChar() and WideCharToMultiByte() from <Windows.h> instead. You can define _SILENCE_CXX17_CODECVT_HEADER_DEPRECATION_WARNING or _SILENCE_ALL_CXX17_DEPRECATION_WARNINGS to suppress this warning.
A:\Projekte\Github\PixLabelCV\sources\load_image.h(36,57): warning C4996: 'std::wstring_convert<std::codecvt_utf8_utf16<wchar_t,1114111,(std::codecvt_mode)0>,wchar_t,std::allocator<wchar_t>,std::allocator<char>>::wstring_convert': warning STL4017: std::wbuffer_convert, std::wstring_convert, and the <codecvt> header (containing std::codecvt_mode, std::codecvt_utf8, std::codecvt_utf16, and std::codecvt_utf8_utf16) are deprecated in C++17. (The std::codecvt class template is NOT deprecated.) The C++ Standard doesn't provide equivalent non-deprecated functionality; consider using MultiByteToWideChar() and WideCharToMultiByte() from <Windows.h> instead. You can define _SILENCE_CXX17_CODECVT_HEADER_DEPRECATION_WARNING or _SILENCE_ALL_CXX17_DEPRECATION_WARNINGS to suppress this warning.
A:\Projekte\Github\PixLabelCV\sources\load_image.h(37,14): warning C4996: 'std::wstring_convert<std::codecvt_utf8_utf16<wchar_t,1114111,(std::codecvt_mode)0>,wchar_t,std::allocator<wchar_t>,std::allocator<char>>::to_bytes': warning STL4017: std::wbuffer_convert, std::wstring_convert, and the <codecvt> header (containing std::codecvt_mode, std::codecvt_utf8, std::codecvt_utf16, and std::codecvt_utf8_utf16) are deprecated in C++17. (The std::codecvt class template is NOT deprecated.) The C++ Standard doesn't provide equivalent non-deprecated functionality; consider using MultiByteToWideChar() and WideCharToMultiByte() from <Windows.h> instead. You can define _SILENCE_CXX17_CODECVT_HEADER_DEPRECATION_WARNING or _SILENCE_ALL_CXX17_DEPRECATION_WARNINGS to suppress this warning.
A:\Projekte\Github\PixLabelCV\sources\load_image.h(39,46): warning C4100: "createRecursive": Unreferenzierter formaler Parameter
A:\Projekte\Github\PixLabelCV\sources\LabelState.h(56,14): warning C4267: "Initialisierung": Konvertierung von "size_t" nach "int", Datenverlust möglich
A:\Projekte\Github\PixLabelCV\sources\LabelState.h(67,46): warning C4267: "return": Konvertierung von "size_t" nach "int", Datenverlust möglich
A:\Projekte\Github\PixLabelCV\sources\helper.h(41,8): warning C4267: "Initialisierung": Konvertierung von "size_t" nach "int", Datenverlust möglich
A:\Projekte\Github\PixLabelCV\sources\ImageProcessing.h(194,10): warning C4244: "Initialisierung": Konvertierung von "float" in "int", möglicher Datenverlust
A:\Projekte\Github\PixLabelCV\sources\ImageProcessing.h(195,12): warning C4244: "Initialisierung": Konvertierung von "double" in "int", möglicher Datenverlust
A:\Projekte\Github\PixLabelCV\sources\ImageProcessing.h(206,12): warning C4244: "Initialisierung": Konvertierung von "double" in "int", möglicher Datenverlust
A:\Projekte\Github\PixLabelCV\sources\ImageProcessing.h(214,12): warning C4244: "Initialisierung": Konvertierung von "double" in "int", möglicher Datenverlust
A:\Projekte\Github\PixLabelCV\sources\ImageProcessing.h(194,6): warning C4189: "low": Lokale Variable ist initialisiert aber nicht referenziert
A:\Projekte\Github\PixLabelCV\sources\ImageProcessing.h(358,27): warning C4244: "=": Konvertierung von "float" in "int", möglicher Datenverlust
A:\Projekte\Github\PixLabelCV\sources\ImageProcessing.h(368,44): warning C4244: "Argument": Konvertierung von "float" in "_Tp", möglicher Datenverlust
A:\Projekte\Github\PixLabelCV\sources\ImageProcessing.h(368,44): warning C4244:         with
A:\Projekte\Github\PixLabelCV\sources\ImageProcessing.h(368,44): warning C4244:         [
A:\Projekte\Github\PixLabelCV\sources\ImageProcessing.h(368,44): warning C4244:             _Tp=int
A:\Projekte\Github\PixLabelCV\sources\ImageProcessing.h(368,44): warning C4244:         ]
A:\Projekte\Github\PixLabelCV\sources\ImageProcessing.h(368,33): warning C4244: "Argument": Konvertierung von "float" in "_Tp", möglicher Datenverlust
A:\Projekte\Github\PixLabelCV\sources\ImageProcessing.h(368,33): warning C4244:         with
A:\Projekte\Github\PixLabelCV\sources\ImageProcessing.h(368,33): warning C4244:         [
A:\Projekte\Github\PixLabelCV\sources\ImageProcessing.h(368,33): warning C4244:             _Tp=int
A:\Projekte\Github\PixLabelCV\sources\ImageProcessing.h(368,33): warning C4244:         ]
A:\Projekte\Github\PixLabelCV\sources\ImageProcessing.h(375,53): warning C4244: "Argument": Konvertierung von "float" in "_Tp", möglicher Datenverlust
A:\Projekte\Github\PixLabelCV\sources\ImageProcessing.h(375,53): warning C4244:         with
A:\Projekte\Github\PixLabelCV\sources\ImageProcessing.h(375,53): warning C4244:         [
A:\Projekte\Github\PixLabelCV\sources\ImageProcessing.h(375,53): warning C4244:             _Tp=int
A:\Projekte\Github\PixLabelCV\sources\ImageProcessing.h(375,53): warning C4244:         ]
A:\Projekte\Github\PixLabelCV\sources\ImageProcessing.h(375,36): warning C4244: "Argument": Konvertierung von "float" in "_Tp", möglicher Datenverlust
A:\Projekte\Github\PixLabelCV\sources\ImageProcessing.h(375,36): warning C4244:         with
A:\Projekte\Github\PixLabelCV\sources\ImageProcessing.h(375,36): warning C4244:         [
A:\Projekte\Github\PixLabelCV\sources\ImageProcessing.h(375,36): warning C4244:             _Tp=int
A:\Projekte\Github\PixLabelCV\sources\ImageProcessing.h(375,36): warning C4244:         ]
A:\Projekte\Github\PixLabelCV\sources\Timer.h(59,13): warning C4996: 'localtime': This function or variable may be unsafe. Consider using localtime_s instead. To disable deprecation, use _CRT_SECURE_NO_WARNINGS. See online help for details.
A:\Projekte\Github\PixLabelCV\sources\shapes.h(100,11): warning C4244: "*=": Konvertierung von "double" in "float", möglicher Datenverlust
A:\Projekte\Github\PixLabelCV\sources\shapes.h(101,11): warning C4244: "*=": Konvertierung von "double" in "float", möglicher Datenverlust
A:\Projekte\Github\PixLabelCV\sources\user_interaction.h(31,14): warning C4305: "Initialisierung": Verkürzung von "double" in "float"
A:\Projekte\Github\PixLabelCV\sources\user_interaction.h(33,17): warning C4305: "Initialisierung": Verkürzung von "double" in "float"
A:\Projekte\Github\PixLabelCV\sources\main.cpp(109,21): warning C4459: Deklaration von "m_oclCtx" blendet globale Deklaration aus
A:\Projekte\Github\PixLabelCV\sources\main.cpp(320,45): warning C4244: "Argument": Konvertierung von "int" in "float", möglicher Datenverlust
A:\Projekte\Github\PixLabelCV\sources\main.cpp(320,32): warning C4244: "Argument": Konvertierung von "int" in "float", möglicher Datenverlust
A:\Projekte\Github\PixLabelCV\sources\main.cpp(328,67): warning C4244: "Argument": Konvertierung von "double" in "float", möglicher Datenverlust
A:\Projekte\Github\PixLabelCV\sources\main.cpp(328,39): warning C4244: "Argument": Konvertierung von "double" in "float", möglicher Datenverlust
A:\Projekte\Github\PixLabelCV\sources\main.cpp(418,126): warning C4244: "Argument": Konvertierung von "double" in "int", möglicher Datenverlust
A:\Projekte\Github\PixLabelCV\sources\main.cpp(418,98): warning C4244: "Argument": Konvertierung von "double" in "int", möglicher Datenverlust
A:\Projekte\Github\PixLabelCV\sources\main.cpp(426,45): warning C4244: "=": Konvertierung von "float" in "int", möglicher Datenverlust
A:\Projekte\Github\PixLabelCV\sources\main.cpp(427,44): warning C4244: "=": Konvertierung von "float" in "int", möglicher Datenverlust
A:\Projekte\Github\PixLabelCV\sources\main.cpp(431,46): warning C4244: "=": Konvertierung von "float" in "int", möglicher Datenverlust
A:\Projekte\Github\PixLabelCV\sources\main.cpp(432,47): warning C4244: "=": Konvertierung von "float" in "int", möglicher Datenverlust
A:\Projekte\Github\PixLabelCV\sources\main.cpp(537,17): warning C4456: Deklaration von "p_open" blendet vorherige lokale Deklaration aus
A:\Projekte\Github\PixLabelCV\sources\main.cpp(707,46): warning C4267: "=": Konvertierung von "size_t" nach "int", Datenverlust möglich
A:\Projekte\Github\PixLabelCV\sources\main.cpp(733,11): warning C4456: Deklaration von "ret" blendet vorherige lokale Deklaration aus
A:\Projekte\Github\PixLabelCV\sources\main.cpp(886,50): warning C4305: "Argument": Verkürzung von "double" in "float"
A:\Projekte\Github\PixLabelCV\sources\main.cpp(886,44): warning C4305: "Argument": Verkürzung von "double" in "float"
A:\Projekte\Github\PixLabelCV\sources\main.cpp(887,42): warning C4305: "=": Verkürzung von "double" in "float"
A:\Projekte\Github\PixLabelCV\sources\main.cpp(892,14): warning C4456: Deklaration von "io" blendet vorherige lokale Deklaration aus
A:\Projekte\Github\PixLabelCV\sources\main.cpp(1047,21): warning C4018: "<": Konflikt zwischen "signed" und "unsigned"
A:\Projekte\Github\PixLabelCV\sources\main.cpp(162,7): warning C4189: "show_demo_window": Lokale Variable ist initialisiert aber nicht referenziert
A:\Projekte\Github\PixLabelCV\sources\main.cpp(253,10): warning C4189: "res": Lokale Variable ist initialisiert aber nicht referenziert
A:\Projekte\Github\PixLabelCV\sources\main.cpp(334,9): warning C4189: "isFocused": Lokale Variable ist initialisiert aber nicht referenziert
A:\Projekte\Github\PixLabelCV\sources\main.cpp(657,9): warning C4189: "newIndex": Lokale Variable ist initialisiert aber nicht referenziert
A:\Projekte\Github\PixLabelCV\sources\main.cpp(733,11): warning C4189: "ret": Lokale Variable ist initialisiert aber nicht referenziert
A:\Projekte\Github\PixLabelCV\sources\main.cpp(979,9): warning C4189: "HRes": Lokale Variable ist initialisiert aber nicht referenziert
A:\Projekte\Github\PixLabelCV\sources\main.cpp(966,9): warning C4189: "D3D_feature_info": Lokale Variable ist initialisiert aber nicht referenziert
A:\Projekte\Github\PixLabelCV\sources\main.cpp(1046,19): warning C4189: "srcPitch": Lokale Variable ist initialisiert aber nicht referenziert
A:\Projekte\Github\PixLabelCV\sources\main.cpp(1027,9): warning C4189: "pitchINfo": Lokale Variable ist initialisiert aber nicht referenziert
A:\Projekte\Github\PixLabelCV\sources\main.cpp(1028,9): warning C4189: "pitchINfoRow": Lokale Variable ist initialisiert aber nicht referenziert
A:\Projekte\Github\PixLabelCV\sources\main.cpp(994,17): warning C4189: "OP": Lokale Variable ist initialisiert aber nicht referenziert
C:\Program Files\Microsoft Visual Studio\2022\Community\VC\Tools\MSVC\14.40.33807\include\algorithm(3553,24): warning C4244: "=": Konvertierung von "int" in "char", möglicher Datenverlust
A:\Projekte\Github\PixLabelCV\sources\helper.h(124,13): warning C4505: "HelpMarker": Eine nicht referenzierte Funktion mit interner Verknüpfung wurde entfernt.
A:\Projekte\Github\PixLabelCV\sources\ImageProcessing.h(98,25): warning C4505: "getColor": Eine nicht referenzierte Funktion mit interner Verknüpfung wurde entfernt.
A:\Projekte\Github\PixLabelCV\sources\ImageProcessing.h(190,17): warning C4505: "ConvertHSVnormToRGBrange": Eine nicht referenzierte Funktion mit interner Verknüpfung wurde entfernt.
A:\Projekte\Github\PixLabelCV\sources\Timer.h(54,26): warning C4505: "current_time_and_date": Eine nicht referenzierte Funktion mit interner Verknüpfung wurde entfernt.
  user_interaction.cpp
A:\Projekte\Github\PixLabelCV\sources\LabelState.h(56,14): warning C4267: "Initialisierung": Konvertierung von "size_t" nach "int", Datenverlust möglich
A:\Projekte\Github\PixLabelCV\sources\LabelState.h(67,46): warning C4267: "return": Konvertierung von "size_t" nach "int", Datenverlust möglich
A:\Projekte\Github\PixLabelCV\sources\helper.h(41,8): warning C4267: "Initialisierung": Konvertierung von "size_t" nach "int", Datenverlust möglich
A:\Projekte\Github\PixLabelCV\sources\ImageProcessing.h(194,10): warning C4244: "Initialisierung": Konvertierung von "float" in "int", möglicher Datenverlust
A:\Projekte\Github\PixLabelCV\sources\ImageProcessing.h(195,12): warning C4244: "Initialisierung": Konvertierung von "double" in "int", möglicher Datenverlust
A:\Projekte\Github\PixLabelCV\sources\ImageProcessing.h(206,12): warning C4244: "Initialisierung": Konvertierung von "double" in "int", möglicher Datenverlust
A:\Projekte\Github\PixLabelCV\sources\ImageProcessing.h(214,12): warning C4244: "Initialisierung": Konvertierung von "double" in "int", möglicher Datenverlust
A:\Projekte\Github\PixLabelCV\sources\ImageProcessing.h(194,6): warning C4189: "low": Lokale Variable ist initialisiert aber nicht referenziert
A:\Projekte\Github\PixLabelCV\sources\ImageProcessing.h(358,27): warning C4244: "=": Konvertierung von "float" in "int", möglicher Datenverlust
A:\Projekte\Github\PixLabelCV\sources\ImageProcessing.h(368,44): warning C4244: "Argument": Konvertierung von "float" in "_Tp", möglicher Datenverlust
A:\Projekte\Github\PixLabelCV\sources\ImageProcessing.h(368,44): warning C4244:         with
A:\Projekte\Github\PixLabelCV\sources\ImageProcessing.h(368,44): warning C4244:         [
A:\Projekte\Github\PixLabelCV\sources\ImageProcessing.h(368,44): warning C4244:             _Tp=int
A:\Projekte\Github\PixLabelCV\sources\ImageProcessing.h(368,44): warning C4244:         ]
A:\Projekte\Github\PixLabelCV\sources\ImageProcessing.h(368,33): warning C4244: "Argument": Konvertierung von "float" in "_Tp", möglicher Datenverlust
A:\Projekte\Github\PixLabelCV\sources\ImageProcessing.h(368,33): warning C4244:         with
A:\Projekte\Github\PixLabelCV\sources\ImageProcessing.h(368,33): warning C4244:         [
A:\Projekte\Github\PixLabelCV\sources\ImageProcessing.h(368,33): warning C4244:             _Tp=int
A:\Projekte\Github\PixLabelCV\sources\ImageProcessing.h(368,33): warning C4244:         ]
A:\Projekte\Github\PixLabelCV\sources\ImageProcessing.h(375,53): warning C4244: "Argument": Konvertierung von "float" in "_Tp", möglicher Datenverlust
A:\Projekte\Github\PixLabelCV\sources\ImageProcessing.h(375,53): warning C4244:         with
A:\Projekte\Github\PixLabelCV\sources\ImageProcessing.h(375,53): warning C4244:         [
A:\Projekte\Github\PixLabelCV\sources\ImageProcessing.h(375,53): warning C4244:             _Tp=int
A:\Projekte\Github\PixLabelCV\sources\ImageProcessing.h(375,53): warning C4244:         ]
A:\Projekte\Github\PixLabelCV\sources\ImageProcessing.h(375,36): warning C4244: "Argument": Konvertierung von "float" in "_Tp", möglicher Datenverlust
A:\Projekte\Github\PixLabelCV\sources\ImageProcessing.h(375,36): warning C4244:         with
A:\Projekte\Github\PixLabelCV\sources\ImageProcessing.h(375,36): warning C4244:         [
A:\Projekte\Github\PixLabelCV\sources\ImageProcessing.h(375,36): warning C4244:             _Tp=int
A:\Projekte\Github\PixLabelCV\sources\ImageProcessing.h(375,36): warning C4244:         ]
A:\Projekte\Github\PixLabelCV\sources\shapes.h(100,11): warning C4244: "*=": Konvertierung von "double" in "float", möglicher Datenverlust
A:\Projekte\Github\PixLabelCV\sources\shapes.h(101,11): warning C4244: "*=": Konvertierung von "double" in "float", möglicher Datenverlust
A:\Projekte\Github\PixLabelCV\sources\user_interaction.h(31,14): warning C4305: "Initialisierung": Verkürzung von "double" in "float"
A:\Projekte\Github\PixLabelCV\sources\user_interaction.h(33,17): warning C4305: "Initialisierung": Verkürzung von "double" in "float"
A:\Projekte\Github\PixLabelCV\sources\user_interaction.cpp(40,23): warning C4267: "=": Konvertierung von "size_t" nach "int", Datenverlust möglich
A:\Projekte\Github\PixLabelCV\sources\user_interaction.cpp(51,23): warning C4267: "=": Konvertierung von "size_t" nach "int", Datenverlust möglich
A:\Projekte\Github\PixLabelCV\sources\user_interaction.cpp(63,65): warning C4244: "Argument": Konvertierung von "int" in "float", möglicher Datenverlust
A:\Projekte\Github\PixLabelCV\sources\user_interaction.cpp(63,54): warning C4244: "Argument": Konvertierung von "int" in "float", möglicher Datenverlust
A:\Projekte\Github\PixLabelCV\sources\user_interaction.cpp(79,39): warning C4244: "Argument": Konvertierung von "int" in "float", möglicher Datenverlust
A:\Projekte\Github\PixLabelCV\sources\user_interaction.cpp(79,27): warning C4244: "Argument": Konvertierung von "int" in "float", möglicher Datenverlust
A:\Projekte\Github\PixLabelCV\sources\user_interaction.cpp(81,44): warning C4244: "Argument": Konvertierung von "int" in "float", möglicher Datenverlust
A:\Projekte\Github\PixLabelCV\sources\user_interaction.cpp(81,32): warning C4244: "Argument": Konvertierung von "int" in "float", möglicher Datenverlust
A:\Projekte\Github\PixLabelCV\sources\user_interaction.cpp(88,33): warning C4244: "+=": Konvertierung von "float" in "int", möglicher Datenverlust
A:\Projekte\Github\PixLabelCV\sources\user_interaction.cpp(89,33): warning C4244: "+=": Konvertierung von "float" in "int", möglicher Datenverlust
A:\Projekte\Github\PixLabelCV\sources\user_interaction.cpp(90,29): warning C4244: "=": Konvertierung von "float" in "int", möglicher Datenverlust
A:\Projekte\Github\PixLabelCV\sources\user_interaction.cpp(91,29): warning C4244: "=": Konvertierung von "float" in "int", möglicher Datenverlust
A:\Projekte\Github\PixLabelCV\sources\user_interaction.cpp(95,29): warning C4244: "=": Konvertierung von "float" in "int", möglicher Datenverlust
A:\Projekte\Github\PixLabelCV\sources\user_interaction.cpp(96,29): warning C4244: "=": Konvertierung von "float" in "int", möglicher Datenverlust
A:\Projekte\Github\PixLabelCV\sources\user_interaction.cpp(243,27): warning C4244: "=": Konvertierung von "float" in "int", möglicher Datenverlust
A:\Projekte\Github\PixLabelCV\sources\user_interaction.cpp(244,27): warning C4244: "=": Konvertierung von "float" in "int", möglicher Datenverlust
A:\Projekte\Github\PixLabelCV\sources\user_interaction.cpp(251,27): warning C4244: "=": Konvertierung von "float" in "int", möglicher Datenverlust
A:\Projekte\Github\PixLabelCV\sources\user_interaction.cpp(252,27): warning C4244: "=": Konvertierung von "float" in "int", möglicher Datenverlust
A:\Projekte\Github\PixLabelCV\sources\user_interaction.cpp(264,24): warning C4244: "*=": Konvertierung von "double" in "float", möglicher Datenverlust
A:\Projekte\Github\PixLabelCV\sources\user_interaction.cpp(265,24): warning C4244: "*=": Konvertierung von "double" in "float", möglicher Datenverlust
A:\Projekte\Github\PixLabelCV\sources\user_interaction.cpp(267,20): warning C4244: "*=": Konvertierung von "double" in "float", möglicher Datenverlust
A:\Projekte\Github\PixLabelCV\sources\user_interaction.cpp(268,20): warning C4244: "*=": Konvertierung von "double" in "float", möglicher Datenverlust
A:\Projekte\Github\PixLabelCV\sources\user_interaction.cpp(274,14): warning C4244: "*=": Konvertierung von "double" in "int", möglicher Datenverlust
A:\Projekte\Github\PixLabelCV\sources\user_interaction.cpp(275,14): warning C4244: "*=": Konvertierung von "double" in "int", möglicher Datenverlust
A:\Projekte\Github\PixLabelCV\sources\user_interaction.cpp(276,14): warning C4244: "*=": Konvertierung von "double" in "int", möglicher Datenverlust
A:\Projekte\Github\PixLabelCV\sources\user_interaction.cpp(277,14): warning C4244: "*=": Konvertierung von "double" in "int", möglicher Datenverlust
A:\Projekte\Github\PixLabelCV\sources\user_interaction.cpp(281,24): warning C4244: "*=": Konvertierung von "double" in "float", möglicher Datenverlust
A:\Projekte\Github\PixLabelCV\sources\user_interaction.cpp(282,24): warning C4244: "*=": Konvertierung von "double" in "float", möglicher Datenverlust
A:\Projekte\Github\PixLabelCV\sources\user_interaction.cpp(283,60): warning C4244: "*=": Konvertierung von "double" in "int", möglicher Datenverlust
A:\Projekte\Github\PixLabelCV\sources\user_interaction.cpp(318,62): warning C4244: "Argument": Konvertierung von "double" in "float", möglicher Datenverlust
A:\Projekte\Github\PixLabelCV\sources\user_interaction.cpp(327,63): warning C4244: "Argument": Konvertierung von "double" in "float", möglicher Datenverlust
A:\Projekte\Github\PixLabelCV\sources\user_interaction.cpp(327,37): warning C4244: "Argument": Konvertierung von "double" in "float", möglicher Datenverlust
A:\Projekte\Github\PixLabelCV\sources\user_interaction.cpp(290,67): warning C4100: "position_correction": Unreferenzierter formaler Parameter
A:\Projekte\Github\PixLabelCV\sources\user_interaction.cpp(347,42): warning C4244: "=": Konvertierung von "float" in "int", möglicher Datenverlust
A:\Projekte\Github\PixLabelCV\sources\user_interaction.cpp(348,43): warning C4244: "=": Konvertierung von "float" in "int", möglicher Datenverlust
A:\Projekte\Github\PixLabelCV\sources\user_interaction.cpp(364,64): warning C4244: "=": Konvertierung von "float" in "int", möglicher Datenverlust
A:\Projekte\Github\PixLabelCV\sources\user_interaction.cpp(365,62): warning C4244: "=": Konvertierung von "float" in "int", möglicher Datenverlust
A:\Projekte\Github\PixLabelCV\sources\user_interaction.cpp(367,25): warning C4244: "Initialisierung": Konvertierung von "double" in "int", möglicher Datenverlust
A:\Projekte\Github\PixLabelCV\sources\user_interaction.cpp(368,25): warning C4244: "Initialisierung": Konvertierung von "double" in "int", möglicher Datenverlust
A:\Projekte\Github\PixLabelCV\sources\user_interaction.cpp(370,39): warning C4244: "=": Konvertierung von "double" in "int", möglicher Datenverlust
A:\Projekte\Github\PixLabelCV\sources\user_interaction.cpp(372,40): warning C4244: "=": Konvertierung von "double" in "int", möglicher Datenverlust
A:\Projekte\Github\PixLabelCV\sources\user_interaction.cpp(378,62): warning C4244: "=": Konvertierung von "double" in "int", möglicher Datenverlust
A:\Projekte\Github\PixLabelCV\sources\user_interaction.cpp(379,60): warning C4244: "=": Konvertierung von "double" in "int", möglicher Datenverlust
A:\Projekte\Github\PixLabelCV\sources\user_interaction.cpp(380,64): warning C4244: "=": Konvertierung von "double" in "int", möglicher Datenverlust
A:\Projekte\Github\PixLabelCV\sources\user_interaction.cpp(381,66): warning C4244: "=": Konvertierung von "double" in "int", möglicher Datenverlust
A:\Projekte\Github\PixLabelCV\sources\user_interaction.cpp(394,14): warning C4244: "Initialisierung": Konvertierung von "int" in "float", möglicher Datenverlust
A:\Projekte\Github\PixLabelCV\sources\user_interaction.cpp(425,11): warning C4244: "Argument": Konvertierung von "float" in "ImDrawFlags", möglicher Datenverlust
A:\Projekte\Github\PixLabelCV\sources\user_interaction.cpp(423,44): warning C4244: "Argument": Konvertierung von "int" in "float", möglicher Datenverlust
A:\Projekte\Github\PixLabelCV\sources\user_interaction.cpp(423,27): warning C4244: "Argument": Konvertierung von "int" in "float", möglicher Datenverlust
A:\Projekte\Github\PixLabelCV\sources\user_interaction.cpp(422,55): warning C4244: "Argument": Konvertierung von "int" in "float", möglicher Datenverlust
A:\Projekte\Github\PixLabelCV\sources\user_interaction.cpp(422,39): warning C4244: "Argument": Konvertierung von "int" in "float", möglicher Datenverlust
A:\Projekte\Github\PixLabelCV\sources\user_interaction.cpp(479,16): warning C4244: "Initialisierung": Konvertierung von "double" in "int", möglicher Datenverlust
A:\Projekte\Github\PixLabelCV\sources\user_interaction.cpp(485,6): warning C4244: "Argument": Konvertierung von "int" in "float", möglicher Datenverlust
A:\Projekte\Github\PixLabelCV\sources\user_interaction.cpp(510,54): warning C4305: "Argument": Verkürzung von "double" in "float"
A:\Projekte\Github\PixLabelCV\sources\user_interaction.cpp(510,44): warning C4244: "Argument": Konvertierung von "double" in "float", möglicher Datenverlust
A:\Projekte\Github\PixLabelCV\sources\user_interaction.cpp(512,25): warning C4305: "Argument": Verkürzung von "double" in "float"
A:\Projekte\Github\PixLabelCV\sources\user_interaction.cpp(511,48): warning C4305: "Argument": Verkürzung von "double" in "float"
A:\Projekte\Github\PixLabelCV\sources\user_interaction.cpp(511,44): warning C4244: "Argument": Konvertierung von "double" in "float", möglicher Datenverlust
C:\Program Files\Microsoft Visual Studio\2022\Community\VC\Tools\MSVC\14.40.33807\include\algorithm(3553,24): warning C4244: "=": Konvertierung von "int" in "char", möglicher Datenverlust
C:\Program Files\Microsoft Visual Studio\2022\Community\VC\Tools\MSVC\14.40.33807\include\utility(276,16): warning C4244: "Initialisierung": Konvertierung von "_Ty" in "_Ty1", möglicher Datenverlust
C:\Program Files\Microsoft Visual Studio\2022\Community\VC\Tools\MSVC\14.40.33807\include\utility(276,16): warning C4244:         with
C:\Program Files\Microsoft Visual Studio\2022\Community\VC\Tools\MSVC\14.40.33807\include\utility(276,16): warning C4244:         [
C:\Program Files\Microsoft Visual Studio\2022\Community\VC\Tools\MSVC\14.40.33807\include\utility(276,16): warning C4244:             _Ty=double
C:\Program Files\Microsoft Visual Studio\2022\Community\VC\Tools\MSVC\14.40.33807\include\utility(276,16): warning C4244:         ]
C:\Program Files\Microsoft Visual Studio\2022\Community\VC\Tools\MSVC\14.40.33807\include\utility(276,16): warning C4244:         and
C:\Program Files\Microsoft Visual Studio\2022\Community\VC\Tools\MSVC\14.40.33807\include\utility(276,16): warning C4244:         [
C:\Program Files\Microsoft Visual Studio\2022\Community\VC\Tools\MSVC\14.40.33807\include\utility(276,16): warning C4244:             _Ty1=int
C:\Program Files\Microsoft Visual Studio\2022\Community\VC\Tools\MSVC\14.40.33807\include\utility(276,16): warning C4244:         ]
C:\Program Files\Microsoft Visual Studio\2022\Community\VC\Tools\MSVC\14.40.33807\include\utility(276,61): warning C4244: "Initialisierung": Konvertierung von "_Ty" in "_Ty2", möglicher Datenverlust
C:\Program Files\Microsoft Visual Studio\2022\Community\VC\Tools\MSVC\14.40.33807\include\utility(276,61): warning C4244:         with
C:\Program Files\Microsoft Visual Studio\2022\Community\VC\Tools\MSVC\14.40.33807\include\utility(276,61): warning C4244:         [
C:\Program Files\Microsoft Visual Studio\2022\Community\VC\Tools\MSVC\14.40.33807\include\utility(276,61): warning C4244:             _Ty=double
C:\Program Files\Microsoft Visual Studio\2022\Community\VC\Tools\MSVC\14.40.33807\include\utility(276,61): warning C4244:         ]
C:\Program Files\Microsoft Visual Studio\2022\Community\VC\Tools\MSVC\14.40.33807\include\utility(276,61): warning C4244:         and
C:\Program Files\Microsoft Visual Studio\2022\Community\VC\Tools\MSVC\14.40.33807\include\utility(276,61): warning C4244:         [
C:\Program Files\Microsoft Visual Studio\2022\Community\VC\Tools\MSVC\14.40.33807\include\utility(276,61): warning C4244:             _Ty2=int
C:\Program Files\Microsoft Visual Studio\2022\Community\VC\Tools\MSVC\14.40.33807\include\utility(276,61): warning C4244:         ]
C:\Program Files\Microsoft Visual Studio\2022\Community\VC\Tools\MSVC\14.40.33807\include\tuple(143,47): warning C4244: "Initialisierung": Konvertierung von "_Ty" in "_Ty", möglicher Datenverlust
C:\Program Files\Microsoft Visual Studio\2022\Community\VC\Tools\MSVC\14.40.33807\include\tuple(143,47): warning C4244:         with
C:\Program Files\Microsoft Visual Studio\2022\Community\VC\Tools\MSVC\14.40.33807\include\tuple(143,47): warning C4244:         [
C:\Program Files\Microsoft Visual Studio\2022\Community\VC\Tools\MSVC\14.40.33807\include\tuple(143,47): warning C4244:             _Ty=double
C:\Program Files\Microsoft Visual Studio\2022\Community\VC\Tools\MSVC\14.40.33807\include\tuple(143,47): warning C4244:         ]
C:\Program Files\Microsoft Visual Studio\2022\Community\VC\Tools\MSVC\14.40.33807\include\tuple(143,47): warning C4244:         and
C:\Program Files\Microsoft Visual Studio\2022\Community\VC\Tools\MSVC\14.40.33807\include\tuple(143,47): warning C4244:         [
C:\Program Files\Microsoft Visual Studio\2022\Community\VC\Tools\MSVC\14.40.33807\include\tuple(143,47): warning C4244:             _Ty=int
C:\Program Files\Microsoft Visual Studio\2022\Community\VC\Tools\MSVC\14.40.33807\include\tuple(143,47): warning C4244:         ]
A:\Projekte\Github\PixLabelCV\sources\helper.h(124,13): warning C4505: "HelpMarker": Eine nicht referenzierte Funktion mit interner Verknüpfung wurde entfernt.
A:\Projekte\Github\PixLabelCV\sources\ImageProcessing.h(190,17): warning C4505: "ConvertHSVnormToRGBrange": Eine nicht referenzierte Funktion mit interner Verknüpfung wurde entfernt.
  Code wird generiert.
  Previous IPDB not found, fall back to full compilation.
A:\Projekte\Github\PixLabelCV\sources\LabelState.h(87): warning C4172: Adresse einer lokalen Variablen oder eines temporären Werts "" wird zurückgegeben
  All 3352 functions were compiled because no usable IPDB/IOBJ from previous compilation was found.
  Codegenerierung ist abgeschlossen.
  PixLabelCV.vcxproj -> A:\Projekte\Github\PixLabelCV\Release\PixLabelCV.exe
